#! /usr/bin/vvp
:ivl_version "12.0 (stable)";
:ivl_delay_selection "TYPICAL";
:vpi_time_precision - 12;
:vpi_module "/usr/lib/x86_64-linux-gnu/ivl/system.vpi";
:vpi_module "/usr/lib/x86_64-linux-gnu/ivl/vhdl_sys.vpi";
:vpi_module "/usr/lib/x86_64-linux-gnu/ivl/vhdl_textio.vpi";
:vpi_module "/usr/lib/x86_64-linux-gnu/ivl/v2005_math.vpi";
:vpi_module "/usr/lib/x86_64-linux-gnu/ivl/va_math.vpi";
S_0x55ec6306ea00 .scope module, "tb_signadder" "tb_signadder" 2 5;
 .timescale -10 -12;
P_0x55ec630c9a30 .param/l "CLK_PERIOD" 1 2 8, +C4<00000000000000000000000000001010>;
v0x55ec630fe5b0_0 .var "clk", 0 0;
v0x55ec630fe670_0 .var/i "i", 31 0;
v0x55ec630fe750_0 .var "ina", 7 0;
v0x55ec630fe820_0 .var "inb", 7 0;
v0x55ec630fe8f0_0 .net "outa", 7 0, L_0x55ec63103e80;  1 drivers
RS_0x7eb143da2088 .resolv tri, L_0x55ec63103990, L_0x55ec63103dc0;
v0x55ec630fe9b0_0 .net8 "outb", 7 0, RS_0x7eb143da2088;  2 drivers
v0x55ec630fea70_0 .var/i "seed1", 31 0;
v0x55ec630feb30_0 .var/i "seed2", 31 0;
RS_0x7eb143da2058 .resolv tri, L_0x55ec63103830, L_0x55ec63103a00;
L_0x55ec63103e80 .part/pv RS_0x7eb143da2058, 0, 1, 8;
S_0x55ec630b7760 .scope module, "sa" "signadder" 2 61, 3 5 0, S_0x55ec6306ea00;
 .timescale -10 -12;
    .port_info 0 /INPUT 8 "A";
    .port_info 1 /INPUT 8 "B";
    .port_info 2 /OUTPUT 1 "Carry";
    .port_info 3 /OUTPUT 8 "Sum";
    .port_info 4 /INPUT 1 "clk1";
P_0x55ec630c2550 .param/l "bitNUmber" 0 3 6, +C4<00000000000000000000000000001000>;
RS_0x7eb143da1c68 .resolv tri, L_0x55ec631009b0, L_0x55ec63103570;
L_0x55ec63103830 .functor AND 1, RS_0x7eb143da1c68, v0x55ec630fe420_0, C4<1>, C4<1>;
RS_0x7eb143da1cf8 .resolv tri, L_0x55ec631034b0, L_0x55ec63103720;
L_0x55ec63103990 .functor AND 8, RS_0x7eb143da1cf8, L_0x55ec631038a0, C4<11111111>, C4<11111111>;
L_0x55ec63103a00 .functor AND 1, RS_0x7eb143da1c68, v0x55ec630fe420_0, C4<1>, C4<1>;
L_0x55ec63103dc0 .functor AND 8, RS_0x7eb143da1cf8, L_0x55ec63103ac0, C4<11111111>, C4<11111111>;
v0x55ec630fd980_0 .net "A", 7 0, v0x55ec630fe750_0;  1 drivers
v0x55ec630fda80_0 .var "Ainbuf", 7 0;
RS_0x7eb143da0078 .resolv tri, L_0x55ec630d6050, L_0x55ec630ff1b0;
v0x55ec630fdb70_0 .net8 "Aoutbuf", 7 0, RS_0x7eb143da0078;  2 drivers
v0x55ec630fdc40_0 .net "B", 7 0, v0x55ec630fe820_0;  1 drivers
v0x55ec630fdd00_0 .var "Binbuf", 7 0;
RS_0x7eb143da0138 .resolv tri, L_0x55ec630d3970, L_0x55ec630ff7a0;
v0x55ec630fde10_0 .net8 "Boutbuf", 7 0, RS_0x7eb143da0138;  2 drivers
v0x55ec630fdf00_0 .net8 "Carry", 0 0, RS_0x7eb143da2058;  2 drivers
v0x55ec630fdfc0_0 .net8 "Carryoutbuf", 0 0, RS_0x7eb143da1c68;  2 drivers
v0x55ec630fe060_0 .net8 "Sum", 7 0, RS_0x7eb143da2088;  alias, 2 drivers
v0x55ec630fe120_0 .net8 "Sumbuf", 7 0, RS_0x7eb143da1cf8;  2 drivers
v0x55ec630fe1e0_0 .net *"_ivl_10", 7 0, L_0x55ec63103ac0;  1 drivers
v0x55ec630fe2a0_0 .net *"_ivl_4", 7 0, L_0x55ec631038a0;  1 drivers
v0x55ec630fe380_0 .net "clk1", 0 0, v0x55ec630fe5b0_0;  1 drivers
v0x55ec630fe420_0 .var "newdata", 0 0;
E_0x55ec6307cfe0 .event posedge, v0x55ec630f48b0_0;
LS_0x55ec631038a0_0_0 .concat [ 1 1 1 1], v0x55ec630fe420_0, v0x55ec630fe420_0, v0x55ec630fe420_0, v0x55ec630fe420_0;
LS_0x55ec631038a0_0_4 .concat [ 1 1 1 1], v0x55ec630fe420_0, v0x55ec630fe420_0, v0x55ec630fe420_0, v0x55ec630fe420_0;
L_0x55ec631038a0 .concat [ 4 4 0 0], LS_0x55ec631038a0_0_0, LS_0x55ec631038a0_0_4;
LS_0x55ec63103ac0_0_0 .concat [ 1 1 1 1], v0x55ec630fe420_0, v0x55ec630fe420_0, v0x55ec630fe420_0, v0x55ec630fe420_0;
LS_0x55ec63103ac0_0_4 .concat [ 1 1 1 1], v0x55ec630fe420_0, v0x55ec630fe420_0, v0x55ec630fe420_0, v0x55ec630fe420_0;
L_0x55ec63103ac0 .concat [ 4 4 0 0], LS_0x55ec63103ac0_0_0, LS_0x55ec63103ac0_0_4;
S_0x55ec630bb1d0 .scope module, "cc" "ComplimentCode" 3 32, 4 2 0, S_0x55ec630b7760;
 .timescale 0 0;
    .port_info 0 /INPUT 8 "A";
    .port_info 1 /INPUT 8 "B";
    .port_info 2 /OUTPUT 8 "Aout";
    .port_info 3 /OUTPUT 8 "Bout";
    .port_info 4 /INPUT 1 "clk1";
P_0x55ec630bb070 .param/l "bitNumber" 0 4 3, +C4<00000000000000000000000000001000>;
L_0x55ec630d6050 .functor AND 8, v0x55ec630bef80_0, L_0x55ec630fec10, C4<11111111>, C4<11111111>;
L_0x55ec630d3970 .functor AND 8, v0x55ec630f4370_0, L_0x55ec630fef50, C4<11111111>, C4<11111111>;
L_0x55ec630ff1b0 .functor AND 8, v0x55ec630bef80_0, L_0x55ec630ff0c0, C4<11111111>, C4<11111111>;
L_0x55ec630ff7a0 .functor AND 8, v0x55ec630f4370_0, L_0x55ec630ff270, C4<11111111>, C4<11111111>;
v0x55ec630c9ed0_0 .net "A", 7 0, v0x55ec630fda80_0;  1 drivers
v0x55ec630c6460_0 .var "Ainbuf", 7 0;
v0x55ec630c29f0_0 .net8 "Aout", 7 0, RS_0x7eb143da0078;  alias, 2 drivers
v0x55ec630bef80_0 .var "Aoutbuf", 7 0;
v0x55ec630bb510_0 .net "B", 7 0, v0x55ec630fdd00_0;  1 drivers
v0x55ec630b7aa0_0 .var "Binbuf", 7 0;
v0x55ec630b4030_0 .net8 "Bout", 7 0, RS_0x7eb143da0138;  alias, 2 drivers
v0x55ec630f4370_0 .var "Boutbuf", 7 0;
v0x55ec630f4450_0 .var "Cinbuf", 7 0;
v0x55ec630f4530_0 .net *"_ivl_0", 7 0, L_0x55ec630fec10;  1 drivers
v0x55ec630f4610_0 .net *"_ivl_12", 7 0, L_0x55ec630ff270;  1 drivers
v0x55ec630f46f0_0 .net *"_ivl_4", 7 0, L_0x55ec630fef50;  1 drivers
v0x55ec630f47d0_0 .net *"_ivl_8", 7 0, L_0x55ec630ff0c0;  1 drivers
v0x55ec630f48b0_0 .net "clk1", 0 0, v0x55ec630fe5b0_0;  alias, 1 drivers
v0x55ec630f4970_0 .var/i "i", 31 0;
v0x55ec630f4a50_0 .var "newdata", 0 0;
E_0x55ec6307d4d0 .event negedge, v0x55ec630f48b0_0;
E_0x55ec630661d0 .event anyedge, v0x55ec630bb510_0, v0x55ec630c9ed0_0;
LS_0x55ec630fec10_0_0 .concat [ 1 1 1 1], v0x55ec630f4a50_0, v0x55ec630f4a50_0, v0x55ec630f4a50_0, v0x55ec630f4a50_0;
LS_0x55ec630fec10_0_4 .concat [ 1 1 1 1], v0x55ec630f4a50_0, v0x55ec630f4a50_0, v0x55ec630f4a50_0, v0x55ec630f4a50_0;
L_0x55ec630fec10 .concat [ 4 4 0 0], LS_0x55ec630fec10_0_0, LS_0x55ec630fec10_0_4;
LS_0x55ec630fef50_0_0 .concat [ 1 1 1 1], v0x55ec630f4a50_0, v0x55ec630f4a50_0, v0x55ec630f4a50_0, v0x55ec630f4a50_0;
LS_0x55ec630fef50_0_4 .concat [ 1 1 1 1], v0x55ec630f4a50_0, v0x55ec630f4a50_0, v0x55ec630f4a50_0, v0x55ec630f4a50_0;
L_0x55ec630fef50 .concat [ 4 4 0 0], LS_0x55ec630fef50_0_0, LS_0x55ec630fef50_0_4;
LS_0x55ec630ff0c0_0_0 .concat [ 1 1 1 1], v0x55ec630f4a50_0, v0x55ec630f4a50_0, v0x55ec630f4a50_0, v0x55ec630f4a50_0;
LS_0x55ec630ff0c0_0_4 .concat [ 1 1 1 1], v0x55ec630f4a50_0, v0x55ec630f4a50_0, v0x55ec630f4a50_0, v0x55ec630f4a50_0;
L_0x55ec630ff0c0 .concat [ 4 4 0 0], LS_0x55ec630ff0c0_0_0, LS_0x55ec630ff0c0_0_4;
LS_0x55ec630ff270_0_0 .concat [ 1 1 1 1], v0x55ec630f4a50_0, v0x55ec630f4a50_0, v0x55ec630f4a50_0, v0x55ec630f4a50_0;
LS_0x55ec630ff270_0_4 .concat [ 1 1 1 1], v0x55ec630f4a50_0, v0x55ec630f4a50_0, v0x55ec630f4a50_0, v0x55ec630f4a50_0;
L_0x55ec630ff270 .concat [ 4 4 0 0], LS_0x55ec630ff270_0_0, LS_0x55ec630ff270_0_4;
S_0x55ec630bec40 .scope module, "fa" "signripplefulladder_x" 3 33, 5 3 0, S_0x55ec630b7760;
 .timescale -10 -12;
    .port_info 0 /INPUT 8 "X";
    .port_info 1 /INPUT 8 "Y";
    .port_info 2 /INPUT 1 "Carryin";
    .port_info 3 /OUTPUT 1 "Carryout";
    .port_info 4 /OUTPUT 8 "Sum";
    .port_info 5 /INPUT 1 "clk1";
P_0x55ec630b3b30 .param/l "chainNumber" 0 5 4, +C4<00000000000000000000000000001000>;
L_0x55ec631009b0 .functor AND 1, v0x55ec630fcca0_0, v0x55ec630fd800_0, C4<1>, C4<1>;
L_0x55ec631034b0 .functor AND 8, v0x55ec630fcf20_0, L_0x55ec63103140, C4<11111111>, C4<11111111>;
L_0x55ec63103570 .functor AND 1, v0x55ec630fcca0_0, v0x55ec630fd800_0, C4<1>, C4<1>;
L_0x55ec63103720 .functor AND 8, v0x55ec630fcf20_0, L_0x55ec63103630, C4<11111111>, C4<11111111>;
L_0x7eb143d57018 .functor BUFT 1, C4<0>, C4<0>, C4<0>, C4<0>;
v0x55ec630fca40_0 .net "Carryin", 0 0, L_0x7eb143d57018;  1 drivers
v0x55ec630fcb20_0 .var "Carryinreg", 8 0;
v0x55ec630fcc00_0 .net8 "Carryout", 0 0, RS_0x7eb143da1c68;  alias, 2 drivers
v0x55ec630fcca0_0 .var "Carryoutbuf", 0 0;
v0x55ec630fcd60_0 .net "Carryoutreg", 8 0, L_0x55ec63103f20;  1 drivers
v0x55ec630fce40_0 .net8 "Sum", 7 0, RS_0x7eb143da1cf8;  alias, 2 drivers
v0x55ec630fcf20_0 .var "Sumbuf", 7 0;
v0x55ec630fd000_0 .net "Sumreg", 7 0, L_0x55ec63102a90;  1 drivers
v0x55ec630fd0e0_0 .net8 "X", 7 0, RS_0x7eb143da0078;  alias, 2 drivers
v0x55ec630fd1a0_0 .var "Xreg", 7 0;
v0x55ec630fd260_0 .net8 "Y", 7 0, RS_0x7eb143da0138;  alias, 2 drivers
v0x55ec630fd320_0 .var "Yreg", 7 0;
v0x55ec630fd3e0_0 .net *"_ivl_67", 7 0, L_0x55ec63103140;  1 drivers
v0x55ec630fd4c0_0 .net *"_ivl_73", 7 0, L_0x55ec63103630;  1 drivers
o0x7eb143da1e48 .functor BUFZ 1, C4<z>; HiZ drive
; Elide local net with no drivers, v0x55ec630fd5a0_0 name=_ivl_85
v0x55ec630fd680_0 .net "clk1", 0 0, v0x55ec630fe5b0_0;  alias, 1 drivers
v0x55ec630fd720_0 .var/i "j", 31 0;
v0x55ec630fd800_0 .var "newdata", 0 0;
E_0x55ec630dd410/0 .event anyedge, v0x55ec630c29f0_0, v0x55ec630b4030_0, v0x55ec630fcb20_0, v0x55ec630fd000_0;
E_0x55ec630dd410/1 .event anyedge, v0x55ec630fcca0_0;
E_0x55ec630dd410 .event/or E_0x55ec630dd410/0, E_0x55ec630dd410/1;
E_0x55ec630dd3d0 .event anyedge, v0x55ec630c29f0_0, v0x55ec630b4030_0, v0x55ec630fca40_0;
L_0x55ec630ffab0 .part RS_0x7eb143da0078, 0, 1;
L_0x55ec630ffb50 .part RS_0x7eb143da0138, 0, 1;
L_0x55ec630ffc20 .part v0x55ec630fcb20_0, 0, 1;
L_0x55ec630ffd20 .part L_0x55ec63103f20, 0, 1;
L_0x55ec63100070 .part RS_0x7eb143da0078, 1, 1;
L_0x55ec63100110 .part RS_0x7eb143da0138, 1, 1;
L_0x55ec63100220 .part v0x55ec630fcb20_0, 1, 1;
L_0x55ec63100310 .part L_0x55ec63103f20, 1, 1;
L_0x55ec63100640 .part RS_0x7eb143da0078, 2, 1;
L_0x55ec631006e0 .part RS_0x7eb143da0138, 2, 1;
L_0x55ec63100810 .part v0x55ec630fcb20_0, 2, 1;
L_0x55ec631008e0 .part L_0x55ec63103f20, 2, 1;
L_0x55ec63100bf0 .part RS_0x7eb143da0078, 3, 1;
L_0x55ec63100c90 .part RS_0x7eb143da0138, 3, 1;
L_0x55ec63100ef0 .part v0x55ec630fcb20_0, 3, 1;
L_0x55ec63100fc0 .part L_0x55ec63103f20, 3, 1;
L_0x55ec631012f0 .part RS_0x7eb143da0078, 4, 1;
L_0x55ec63101390 .part RS_0x7eb143da0138, 4, 1;
L_0x55ec63101500 .part v0x55ec630fcb20_0, 4, 1;
L_0x55ec631015d0 .part L_0x55ec63103f20, 4, 1;
L_0x55ec63101880 .part RS_0x7eb143da0078, 5, 1;
L_0x55ec63101920 .part RS_0x7eb143da0138, 5, 1;
L_0x55ec63101ab0 .part v0x55ec630fcb20_0, 5, 1;
L_0x55ec63101b80 .part L_0x55ec63103f20, 5, 1;
L_0x55ec63101f40 .part RS_0x7eb143da0078, 6, 1;
L_0x55ec63101fe0 .part RS_0x7eb143da0138, 6, 1;
L_0x55ec63102190 .part v0x55ec630fcb20_0, 6, 1;
L_0x55ec63102260 .part L_0x55ec63103f20, 6, 1;
L_0x55ec63102640 .part RS_0x7eb143da0078, 7, 1;
L_0x55ec631026e0 .part RS_0x7eb143da0138, 7, 1;
L_0x55ec631028b0 .part v0x55ec630fcb20_0, 7, 1;
LS_0x55ec63102a90_0_0 .concat8 [ 1 1 1 1], L_0x55ec630ff920, L_0x55ec630ffe50, L_0x55ec63100450, L_0x55ec63100a20;
LS_0x55ec63102a90_0_4 .concat8 [ 1 1 1 1], L_0x55ec63101120, L_0x55ec63101460, L_0x55ec63101d20, L_0x55ec63102420;
L_0x55ec63102a90 .concat8 [ 4 4 0 0], LS_0x55ec63102a90_0_0, LS_0x55ec63102a90_0_4;
L_0x55ec63102f40 .part L_0x55ec63103f20, 7, 1;
LS_0x55ec63103140_0_0 .concat [ 1 1 1 1], v0x55ec630fd800_0, v0x55ec630fd800_0, v0x55ec630fd800_0, v0x55ec630fd800_0;
LS_0x55ec63103140_0_4 .concat [ 1 1 1 1], v0x55ec630fd800_0, v0x55ec630fd800_0, v0x55ec630fd800_0, v0x55ec630fd800_0;
L_0x55ec63103140 .concat [ 4 4 0 0], LS_0x55ec63103140_0_0, LS_0x55ec63103140_0_4;
LS_0x55ec63103630_0_0 .concat [ 1 1 1 1], v0x55ec630fd800_0, v0x55ec630fd800_0, v0x55ec630fd800_0, v0x55ec630fd800_0;
LS_0x55ec63103630_0_4 .concat [ 1 1 1 1], v0x55ec630fd800_0, v0x55ec630fd800_0, v0x55ec630fd800_0, v0x55ec630fd800_0;
L_0x55ec63103630 .concat [ 4 4 0 0], LS_0x55ec63103630_0_0, LS_0x55ec63103630_0_4;
LS_0x55ec63103f20_0_0 .concat [ 1 1 1 1], L_0x55ec630ff9c0, L_0x55ec630fff50, L_0x55ec63100520, L_0x55ec63100b20;
LS_0x55ec63103f20_0_4 .concat [ 1 1 1 1], L_0x55ec63101220, L_0x55ec631017b0, L_0x55ec63101e20, L_0x55ec63102520;
LS_0x55ec63103f20_0_8 .concat [ 1 0 0 0], o0x7eb143da1e48;
L_0x55ec63103f20 .concat [ 4 4 1 0], LS_0x55ec63103f20_0_0, LS_0x55ec63103f20_0_4, LS_0x55ec63103f20_0_8;
S_0x55ec630c26b0 .scope generate, "label[0]" "label[0]" 5 32, 5 32 0, S_0x55ec630bec40;
 .timescale -10 -12;
P_0x55ec630f4da0 .param/l "i" 1 5 32, +C4<00>;
v0x55ec630f59a0_0 .net *"_ivl_4", 0 0, L_0x55ec630ffd20;  1 drivers
E_0x55ec630f4e80 .event anyedge, L_0x55ec630ffd20;
S_0x55ec630c6120 .scope module, "fx" "fulladder_1" 5 33, 6 3 0, S_0x55ec630c26b0;
 .timescale -10 -12;
    .port_info 0 /INPUT 1 "X";
    .port_info 1 /INPUT 1 "Y";
    .port_info 2 /INPUT 1 "Cin";
    .port_info 3 /OUTPUT 1 "C";
    .port_info 4 /OUTPUT 1 "Sum";
    .port_info 5 /INPUT 1 "clk1";
v0x55ec630f50c0_0 .net "C", 0 0, L_0x55ec630ff9c0;  1 drivers
v0x55ec630f51a0_0 .net "Cin", 0 0, L_0x55ec630ffc20;  1 drivers
v0x55ec630f5260_0 .var "Cinreg", 0 0;
v0x55ec630f5330_0 .net "Sum", 0 0, L_0x55ec630ff920;  1 drivers
v0x55ec630f53f0_0 .net "X", 0 0, L_0x55ec630ffab0;  1 drivers
v0x55ec630f5500_0 .var "Xreg", 0 0;
v0x55ec630f55c0_0 .net "Y", 0 0, L_0x55ec630ffb50;  1 drivers
v0x55ec630f5680_0 .var "Yreg", 0 0;
v0x55ec630f5740_0 .var "buff", 1 0;
v0x55ec630f5820_0 .net "clk1", 0 0, v0x55ec630fe5b0_0;  alias, 1 drivers
E_0x55ec630f5030 .event anyedge, v0x55ec630f48b0_0, v0x55ec630f51a0_0, v0x55ec630f55c0_0, v0x55ec630f53f0_0;
L_0x55ec630ff920 .part v0x55ec630f5740_0, 0, 1;
L_0x55ec630ff9c0 .part v0x55ec630f5740_0, 1, 1;
S_0x55ec630c9b90 .scope generate, "label[1]" "label[1]" 5 32, 5 32 0, S_0x55ec630bec40;
 .timescale -10 -12;
P_0x55ec630f5ae0 .param/l "i" 1 5 32, +C4<01>;
v0x55ec630f66a0_0 .net *"_ivl_4", 0 0, L_0x55ec63100310;  1 drivers
E_0x55ec630f4f50 .event anyedge, L_0x55ec63100310;
S_0x55ec630cd600 .scope module, "fx" "fulladder_1" 5 33, 6 3 0, S_0x55ec630c9b90;
 .timescale -10 -12;
    .port_info 0 /INPUT 1 "X";
    .port_info 1 /INPUT 1 "Y";
    .port_info 2 /INPUT 1 "Cin";
    .port_info 3 /OUTPUT 1 "C";
    .port_info 4 /OUTPUT 1 "Sum";
    .port_info 5 /INPUT 1 "clk1";
v0x55ec630f5da0_0 .net "C", 0 0, L_0x55ec630fff50;  1 drivers
v0x55ec630f5e80_0 .net "Cin", 0 0, L_0x55ec63100220;  1 drivers
v0x55ec630f5f40_0 .var "Cinreg", 0 0;
v0x55ec630f6010_0 .net "Sum", 0 0, L_0x55ec630ffe50;  1 drivers
v0x55ec630f60d0_0 .net "X", 0 0, L_0x55ec63100070;  1 drivers
v0x55ec630f61e0_0 .var "Xreg", 0 0;
v0x55ec630f62a0_0 .net "Y", 0 0, L_0x55ec63100110;  1 drivers
v0x55ec630f6360_0 .var "Yreg", 0 0;
v0x55ec630f6420_0 .var "buff", 1 0;
v0x55ec630f6500_0 .net "clk1", 0 0, v0x55ec630fe5b0_0;  alias, 1 drivers
E_0x55ec630f5d10 .event anyedge, v0x55ec630f48b0_0, v0x55ec630f5e80_0, v0x55ec630f62a0_0, v0x55ec630f60d0_0;
L_0x55ec630ffe50 .part v0x55ec630f6420_0, 0, 1;
L_0x55ec630fff50 .part v0x55ec630f6420_0, 1, 1;
S_0x55ec630f67a0 .scope generate, "label[2]" "label[2]" 5 32, 5 32 0, S_0x55ec630bec40;
 .timescale -10 -12;
P_0x55ec630f69a0 .param/l "i" 1 5 32, +C4<010>;
v0x55ec630f76c0_0 .net *"_ivl_4", 0 0, L_0x55ec631008e0;  1 drivers
E_0x55ec630f5c30 .event anyedge, L_0x55ec631008e0;
S_0x55ec630f6a80 .scope module, "fx" "fulladder_1" 5 33, 6 3 0, S_0x55ec630f67a0;
 .timescale -10 -12;
    .port_info 0 /INPUT 1 "X";
    .port_info 1 /INPUT 1 "Y";
    .port_info 2 /INPUT 1 "Cin";
    .port_info 3 /OUTPUT 1 "C";
    .port_info 4 /OUTPUT 1 "Sum";
    .port_info 5 /INPUT 1 "clk1";
v0x55ec630f6df0_0 .net "C", 0 0, L_0x55ec63100520;  1 drivers
v0x55ec630f6ed0_0 .net "Cin", 0 0, L_0x55ec63100810;  1 drivers
v0x55ec630f6f90_0 .var "Cinreg", 0 0;
v0x55ec630f7030_0 .net "Sum", 0 0, L_0x55ec63100450;  1 drivers
v0x55ec630f70f0_0 .net "X", 0 0, L_0x55ec63100640;  1 drivers
v0x55ec630f7200_0 .var "Xreg", 0 0;
v0x55ec630f72c0_0 .net "Y", 0 0, L_0x55ec631006e0;  1 drivers
v0x55ec630f7380_0 .var "Yreg", 0 0;
v0x55ec630f7440_0 .var "buff", 1 0;
v0x55ec630f7520_0 .net "clk1", 0 0, v0x55ec630fe5b0_0;  alias, 1 drivers
E_0x55ec630f6d60 .event anyedge, v0x55ec630f48b0_0, v0x55ec630f6ed0_0, v0x55ec630f72c0_0, v0x55ec630f70f0_0;
L_0x55ec63100450 .part v0x55ec630f7440_0, 0, 1;
L_0x55ec63100520 .part v0x55ec630f7440_0, 1, 1;
S_0x55ec630f77c0 .scope generate, "label[3]" "label[3]" 5 32, 5 32 0, S_0x55ec630bec40;
 .timescale -10 -12;
P_0x55ec630f7970 .param/l "i" 1 5 32, +C4<011>;
v0x55ec630f8740_0 .net *"_ivl_4", 0 0, L_0x55ec63100fc0;  1 drivers
E_0x55ec630f6c80 .event anyedge, L_0x55ec63100fc0;
S_0x55ec630f7a70 .scope module, "fx" "fulladder_1" 5 33, 6 3 0, S_0x55ec630f77c0;
 .timescale -10 -12;
    .port_info 0 /INPUT 1 "X";
    .port_info 1 /INPUT 1 "Y";
    .port_info 2 /INPUT 1 "Cin";
    .port_info 3 /OUTPUT 1 "C";
    .port_info 4 /OUTPUT 1 "Sum";
    .port_info 5 /INPUT 1 "clk1";
v0x55ec630f7de0_0 .net "C", 0 0, L_0x55ec63100b20;  1 drivers
v0x55ec630f7ec0_0 .net "Cin", 0 0, L_0x55ec63100ef0;  1 drivers
v0x55ec630f7f80_0 .var "Cinreg", 0 0;
v0x55ec630f8020_0 .net "Sum", 0 0, L_0x55ec63100a20;  1 drivers
v0x55ec630f80e0_0 .net "X", 0 0, L_0x55ec63100bf0;  1 drivers
v0x55ec630f81f0_0 .var "Xreg", 0 0;
v0x55ec630f82b0_0 .net "Y", 0 0, L_0x55ec63100c90;  1 drivers
v0x55ec630f8370_0 .var "Yreg", 0 0;
v0x55ec630f8430_0 .var "buff", 1 0;
v0x55ec630f8510_0 .net "clk1", 0 0, v0x55ec630fe5b0_0;  alias, 1 drivers
E_0x55ec630f7d50 .event anyedge, v0x55ec630f48b0_0, v0x55ec630f7ec0_0, v0x55ec630f82b0_0, v0x55ec630f80e0_0;
L_0x55ec63100a20 .part v0x55ec630f8430_0, 0, 1;
L_0x55ec63100b20 .part v0x55ec630f8430_0, 1, 1;
S_0x55ec630f8840 .scope generate, "label[4]" "label[4]" 5 32, 5 32 0, S_0x55ec630bec40;
 .timescale -10 -12;
P_0x55ec630f89f0 .param/l "i" 1 5 32, +C4<0100>;
v0x55ec630f97c0_0 .net *"_ivl_4", 0 0, L_0x55ec631015d0;  1 drivers
E_0x55ec630f7c70 .event anyedge, L_0x55ec631015d0;
S_0x55ec630f8af0 .scope module, "fx" "fulladder_1" 5 33, 6 3 0, S_0x55ec630f8840;
 .timescale -10 -12;
    .port_info 0 /INPUT 1 "X";
    .port_info 1 /INPUT 1 "Y";
    .port_info 2 /INPUT 1 "Cin";
    .port_info 3 /OUTPUT 1 "C";
    .port_info 4 /OUTPUT 1 "Sum";
    .port_info 5 /INPUT 1 "clk1";
v0x55ec630f8e60_0 .net "C", 0 0, L_0x55ec63101220;  1 drivers
v0x55ec630f8f40_0 .net "Cin", 0 0, L_0x55ec63101500;  1 drivers
v0x55ec630f9000_0 .var "Cinreg", 0 0;
v0x55ec630f90a0_0 .net "Sum", 0 0, L_0x55ec63101120;  1 drivers
v0x55ec630f9160_0 .net "X", 0 0, L_0x55ec631012f0;  1 drivers
v0x55ec630f9270_0 .var "Xreg", 0 0;
v0x55ec630f9330_0 .net "Y", 0 0, L_0x55ec63101390;  1 drivers
v0x55ec630f93f0_0 .var "Yreg", 0 0;
v0x55ec630f94b0_0 .var "buff", 1 0;
v0x55ec630f9620_0 .net "clk1", 0 0, v0x55ec630fe5b0_0;  alias, 1 drivers
E_0x55ec630f8dd0 .event anyedge, v0x55ec630f48b0_0, v0x55ec630f8f40_0, v0x55ec630f9330_0, v0x55ec630f9160_0;
L_0x55ec63101120 .part v0x55ec630f94b0_0, 0, 1;
L_0x55ec63101220 .part v0x55ec630f94b0_0, 1, 1;
S_0x55ec630f98c0 .scope generate, "label[5]" "label[5]" 5 32, 5 32 0, S_0x55ec630bec40;
 .timescale -10 -12;
P_0x55ec630f9a70 .param/l "i" 1 5 32, +C4<0101>;
v0x55ec630fa840_0 .net *"_ivl_4", 0 0, L_0x55ec63101b80;  1 drivers
E_0x55ec630f8cf0 .event anyedge, L_0x55ec63101b80;
S_0x55ec630f9b70 .scope module, "fx" "fulladder_1" 5 33, 6 3 0, S_0x55ec630f98c0;
 .timescale -10 -12;
    .port_info 0 /INPUT 1 "X";
    .port_info 1 /INPUT 1 "Y";
    .port_info 2 /INPUT 1 "Cin";
    .port_info 3 /OUTPUT 1 "C";
    .port_info 4 /OUTPUT 1 "Sum";
    .port_info 5 /INPUT 1 "clk1";
v0x55ec630f9ee0_0 .net "C", 0 0, L_0x55ec631017b0;  1 drivers
v0x55ec630f9fc0_0 .net "Cin", 0 0, L_0x55ec63101ab0;  1 drivers
v0x55ec630fa080_0 .var "Cinreg", 0 0;
v0x55ec630fa120_0 .net "Sum", 0 0, L_0x55ec63101460;  1 drivers
v0x55ec630fa1e0_0 .net "X", 0 0, L_0x55ec63101880;  1 drivers
v0x55ec630fa2f0_0 .var "Xreg", 0 0;
v0x55ec630fa3b0_0 .net "Y", 0 0, L_0x55ec63101920;  1 drivers
v0x55ec630fa470_0 .var "Yreg", 0 0;
v0x55ec630fa530_0 .var "buff", 1 0;
v0x55ec630fa6a0_0 .net "clk1", 0 0, v0x55ec630fe5b0_0;  alias, 1 drivers
E_0x55ec630f9e50 .event anyedge, v0x55ec630f48b0_0, v0x55ec630f9fc0_0, v0x55ec630fa3b0_0, v0x55ec630fa1e0_0;
L_0x55ec63101460 .part v0x55ec630fa530_0, 0, 1;
L_0x55ec631017b0 .part v0x55ec630fa530_0, 1, 1;
S_0x55ec630fa940 .scope generate, "label[6]" "label[6]" 5 32, 5 32 0, S_0x55ec630bec40;
 .timescale -10 -12;
P_0x55ec630faaf0 .param/l "i" 1 5 32, +C4<0110>;
v0x55ec630fb8c0_0 .net *"_ivl_4", 0 0, L_0x55ec63102260;  1 drivers
E_0x55ec630f9d70 .event anyedge, L_0x55ec63102260;
S_0x55ec630fabf0 .scope module, "fx" "fulladder_1" 5 33, 6 3 0, S_0x55ec630fa940;
 .timescale -10 -12;
    .port_info 0 /INPUT 1 "X";
    .port_info 1 /INPUT 1 "Y";
    .port_info 2 /INPUT 1 "Cin";
    .port_info 3 /OUTPUT 1 "C";
    .port_info 4 /OUTPUT 1 "Sum";
    .port_info 5 /INPUT 1 "clk1";
v0x55ec630faf60_0 .net "C", 0 0, L_0x55ec63101e20;  1 drivers
v0x55ec630fb040_0 .net "Cin", 0 0, L_0x55ec63102190;  1 drivers
v0x55ec630fb100_0 .var "Cinreg", 0 0;
v0x55ec630fb1a0_0 .net "Sum", 0 0, L_0x55ec63101d20;  1 drivers
v0x55ec630fb260_0 .net "X", 0 0, L_0x55ec63101f40;  1 drivers
v0x55ec630fb370_0 .var "Xreg", 0 0;
v0x55ec630fb430_0 .net "Y", 0 0, L_0x55ec63101fe0;  1 drivers
v0x55ec630fb4f0_0 .var "Yreg", 0 0;
v0x55ec630fb5b0_0 .var "buff", 1 0;
v0x55ec630fb720_0 .net "clk1", 0 0, v0x55ec630fe5b0_0;  alias, 1 drivers
E_0x55ec630faed0 .event anyedge, v0x55ec630f48b0_0, v0x55ec630fb040_0, v0x55ec630fb430_0, v0x55ec630fb260_0;
L_0x55ec63101d20 .part v0x55ec630fb5b0_0, 0, 1;
L_0x55ec63101e20 .part v0x55ec630fb5b0_0, 1, 1;
S_0x55ec630fb9c0 .scope generate, "label[7]" "label[7]" 5 32, 5 32 0, S_0x55ec630bec40;
 .timescale -10 -12;
P_0x55ec630fbb70 .param/l "i" 1 5 32, +C4<0111>;
v0x55ec630fc940_0 .net *"_ivl_4", 0 0, L_0x55ec63102f40;  1 drivers
E_0x55ec630fadf0 .event anyedge, L_0x55ec63102f40;
S_0x55ec630fbc70 .scope module, "fx" "fulladder_1" 5 33, 6 3 0, S_0x55ec630fb9c0;
 .timescale -10 -12;
    .port_info 0 /INPUT 1 "X";
    .port_info 1 /INPUT 1 "Y";
    .port_info 2 /INPUT 1 "Cin";
    .port_info 3 /OUTPUT 1 "C";
    .port_info 4 /OUTPUT 1 "Sum";
    .port_info 5 /INPUT 1 "clk1";
v0x55ec630fbfe0_0 .net "C", 0 0, L_0x55ec63102520;  1 drivers
v0x55ec630fc0c0_0 .net "Cin", 0 0, L_0x55ec631028b0;  1 drivers
v0x55ec630fc180_0 .var "Cinreg", 0 0;
v0x55ec630fc220_0 .net "Sum", 0 0, L_0x55ec63102420;  1 drivers
v0x55ec630fc2e0_0 .net "X", 0 0, L_0x55ec63102640;  1 drivers
v0x55ec630fc3f0_0 .var "Xreg", 0 0;
v0x55ec630fc4b0_0 .net "Y", 0 0, L_0x55ec631026e0;  1 drivers
v0x55ec630fc570_0 .var "Yreg", 0 0;
v0x55ec630fc630_0 .var "buff", 1 0;
v0x55ec630fc7a0_0 .net "clk1", 0 0, v0x55ec630fe5b0_0;  alias, 1 drivers
E_0x55ec630fbf50 .event anyedge, v0x55ec630f48b0_0, v0x55ec630fc0c0_0, v0x55ec630fc4b0_0, v0x55ec630fc2e0_0;
L_0x55ec63102420 .part v0x55ec630fc630_0, 0, 1;
L_0x55ec63102520 .part v0x55ec630fc630_0, 1, 1;
    .scope S_0x55ec630bb1d0;
T_0 ;
    %pushi/vec4 0, 0, 8;
    %store/vec4 v0x55ec630c6460_0, 0, 8;
    %pushi/vec4 0, 0, 8;
    %store/vec4 v0x55ec630b7aa0_0, 0, 8;
    %pushi/vec4 0, 0, 8;
    %store/vec4 v0x55ec630bef80_0, 0, 8;
    %pushi/vec4 0, 0, 8;
    %store/vec4 v0x55ec630f4370_0, 0, 8;
    %pushi/vec4 0, 0, 8;
    %store/vec4 v0x55ec630f4450_0, 0, 8;
    %pushi/vec4 0, 0, 1;
    %store/vec4 v0x55ec630f4a50_0, 0, 1;
    %end;
    .thread T_0;
    .scope S_0x55ec630bb1d0;
T_1 ;
    %wait E_0x55ec630661d0;
    %pushi/vec4 1, 0, 1;
    %store/vec4 v0x55ec630f4a50_0, 0, 1;
    %load/vec4 v0x55ec630c9ed0_0;
    %store/vec4 v0x55ec630c6460_0, 0, 8;
    %load/vec4 v0x55ec630bb510_0;
    %store/vec4 v0x55ec630b7aa0_0, 0, 8;
    %load/vec4 v0x55ec630c6460_0;
    %parti/s 1, 7, 4;
    %ix/load 4, 7, 0;
    %flag_set/imm 4, 0;
    %store/vec4 v0x55ec630bef80_0, 4, 1;
    %load/vec4 v0x55ec630b7aa0_0;
    %parti/s 1, 7, 4;
    %ix/load 4, 7, 0;
    %flag_set/imm 4, 0;
    %store/vec4 v0x55ec630f4370_0, 4, 1;
    %load/vec4 v0x55ec630c6460_0;
    %parti/s 1, 7, 4;
    %pushi/vec4 0, 0, 1;
    %xor;
    %ix/load 4, 0, 0;
    %flag_set/imm 4, 0;
    %store/vec4 v0x55ec630f4450_0, 4, 1;
    %load/vec4 v0x55ec630b7aa0_0;
    %parti/s 1, 7, 4;
    %pushi/vec4 0, 0, 1;
    %xor;
    %ix/load 4, 1, 0;
    %flag_set/imm 4, 0;
    %store/vec4 v0x55ec630f4450_0, 4, 1;
    %pushi/vec4 0, 0, 32;
    %store/vec4 v0x55ec630f4970_0, 0, 32;
T_1.0 ;
    %load/vec4 v0x55ec630f4970_0;
    %cmpi/s 7, 0, 32;
    %jmp/0xz T_1.1, 5;
    %load/vec4 v0x55ec630c6460_0;
    %load/vec4 v0x55ec630f4970_0;
    %part/s 1;
    %load/vec4 v0x55ec630f4450_0;
    %parti/s 1, 0, 2;
    %xor;
    %ix/getv/s 4, v0x55ec630f4970_0;
    %store/vec4 v0x55ec630bef80_0, 4, 1;
    %load/vec4 v0x55ec630b7aa0_0;
    %load/vec4 v0x55ec630f4970_0;
    %part/s 1;
    %load/vec4 v0x55ec630f4450_0;
    %parti/s 1, 1, 2;
    %xor;
    %ix/getv/s 4, v0x55ec630f4970_0;
    %store/vec4 v0x55ec630f4370_0, 4, 1;
    %load/vec4 v0x55ec630f4970_0;
    %addi 1, 0, 32;
    %store/vec4 v0x55ec630f4970_0, 0, 32;
    %jmp T_1.0;
T_1.1 ;
    %pushi/vec4 0, 0, 1;
    %ix/load 4, 0, 0;
    %flag_set/imm 4, 0;
    %store/vec4 v0x55ec630f4450_0, 4, 1;
    %pushi/vec4 0, 0, 1;
    %ix/load 4, 1, 0;
    %flag_set/imm 4, 0;
    %store/vec4 v0x55ec630f4450_0, 4, 1;
    %pushi/vec4 0, 0, 32;
    %store/vec4 v0x55ec630f4970_0, 0, 32;
T_1.2 ;
    %load/vec4 v0x55ec630f4970_0;
    %cmpi/s 7, 0, 32;
    %jmp/0xz T_1.3, 5;
    %load/vec4 v0x55ec630bef80_0;
    %load/vec4 v0x55ec630f4970_0;
    %part/s 1;
    %load/vec4 v0x55ec630bef80_0;
    %parti/s 1, 7, 4;
    %xor;
    %load/vec4 v0x55ec630f4450_0;
    %parti/s 1, 0, 2;
    %xor;
    %ix/getv/s 4, v0x55ec630f4970_0;
    %store/vec4 v0x55ec630bef80_0, 4, 1;
    %load/vec4 v0x55ec630f4370_0;
    %load/vec4 v0x55ec630f4970_0;
    %part/s 1;
    %load/vec4 v0x55ec630f4370_0;
    %parti/s 1, 7, 4;
    %xor;
    %load/vec4 v0x55ec630f4450_0;
    %parti/s 1, 1, 2;
    %xor;
    %ix/getv/s 4, v0x55ec630f4970_0;
    %store/vec4 v0x55ec630f4370_0, 4, 1;
    %load/vec4 v0x55ec630bef80_0;
    %load/vec4 v0x55ec630f4970_0;
    %part/s 1;
    %load/vec4 v0x55ec630bef80_0;
    %parti/s 1, 7, 4;
    %and;
    %load/vec4 v0x55ec630f4450_0;
    %parti/s 1, 0, 2;
    %load/vec4 v0x55ec630bef80_0;
    %load/vec4 v0x55ec630f4970_0;
    %part/s 1;
    %load/vec4 v0x55ec630bef80_0;
    %parti/s 1, 7, 4;
    %xor;
    %and;
    %or;
    %ix/load 4, 0, 0;
    %flag_set/imm 4, 0;
    %store/vec4 v0x55ec630f4450_0, 4, 1;
    %load/vec4 v0x55ec630f4370_0;
    %load/vec4 v0x55ec630f4970_0;
    %part/s 1;
    %load/vec4 v0x55ec630f4370_0;
    %parti/s 1, 7, 4;
    %and;
    %load/vec4 v0x55ec630f4450_0;
    %parti/s 1, 1, 2;
    %load/vec4 v0x55ec630f4370_0;
    %load/vec4 v0x55ec630f4970_0;
    %part/s 1;
    %load/vec4 v0x55ec630f4370_0;
    %parti/s 1, 7, 4;
    %xor;
    %and;
    %or;
    %ix/load 4, 1, 0;
    %flag_set/imm 4, 0;
    %store/vec4 v0x55ec630f4450_0, 4, 1;
    %load/vec4 v0x55ec630f4970_0;
    %addi 1, 0, 32;
    %store/vec4 v0x55ec630f4970_0, 0, 32;
    %jmp T_1.2;
T_1.3 ;
    %jmp T_1;
    .thread T_1, $push;
    .scope S_0x55ec630bb1d0;
T_2 ;
    %wait E_0x55ec6307d4d0;
    %delay 3567587328, 232;
    %pushi/vec4 0, 0, 1;
    %store/vec4 v0x55ec630f4a50_0, 0, 1;
    %jmp T_2;
    .thread T_2;
    .scope S_0x55ec630c6120;
T_3 ;
    %pushi/vec4 0, 0, 2;
    %store/vec4 v0x55ec630f5740_0, 0, 2;
    %pushi/vec4 0, 0, 1;
    %store/vec4 v0x55ec630f5500_0, 0, 1;
    %pushi/vec4 0, 0, 1;
    %store/vec4 v0x55ec630f5680_0, 0, 1;
    %pushi/vec4 0, 0, 1;
    %store/vec4 v0x55ec630f5260_0, 0, 1;
    %end;
    .thread T_3;
    .scope S_0x55ec630c6120;
T_4 ;
    %wait E_0x55ec630f5030;
    %load/vec4 v0x55ec630f53f0_0;
    %store/vec4 v0x55ec630f5500_0, 0, 1;
    %load/vec4 v0x55ec630f55c0_0;
    %store/vec4 v0x55ec630f5680_0, 0, 1;
    %load/vec4 v0x55ec630f51a0_0;
    %store/vec4 v0x55ec630f5260_0, 0, 1;
    %load/vec4 v0x55ec630f5500_0;
    %load/vec4 v0x55ec630f5680_0;
    %xor;
    %load/vec4 v0x55ec630f5260_0;
    %xor;
    %ix/load 4, 0, 0;
    %flag_set/imm 4, 0;
    %store/vec4 v0x55ec630f5740_0, 4, 1;
    %load/vec4 v0x55ec630f5500_0;
    %load/vec4 v0x55ec630f5680_0;
    %and;
    %load/vec4 v0x55ec630f5260_0;
    %load/vec4 v0x55ec630f5500_0;
    %load/vec4 v0x55ec630f5680_0;
    %xor;
    %and;
    %or;
    %ix/load 4, 1, 0;
    %flag_set/imm 4, 0;
    %store/vec4 v0x55ec630f5740_0, 4, 1;
    %jmp T_4;
    .thread T_4, $push;
    .scope S_0x55ec630c26b0;
T_5 ;
    %wait E_0x55ec630f4e80;
    %load/vec4 v0x55ec630fcd60_0;
    %parti/s 1, 0, 2;
    %ix/load 4, 1, 0;
    %flag_set/imm 4, 0;
    %store/vec4 v0x55ec630fcb20_0, 4, 1;
    %jmp T_5;
    .thread T_5, $push;
    .scope S_0x55ec630cd600;
T_6 ;
    %pushi/vec4 0, 0, 2;
    %store/vec4 v0x55ec630f6420_0, 0, 2;
    %pushi/vec4 0, 0, 1;
    %store/vec4 v0x55ec630f61e0_0, 0, 1;
    %pushi/vec4 0, 0, 1;
    %store/vec4 v0x55ec630f6360_0, 0, 1;
    %pushi/vec4 0, 0, 1;
    %store/vec4 v0x55ec630f5f40_0, 0, 1;
    %end;
    .thread T_6;
    .scope S_0x55ec630cd600;
T_7 ;
    %wait E_0x55ec630f5d10;
    %load/vec4 v0x55ec630f60d0_0;
    %store/vec4 v0x55ec630f61e0_0, 0, 1;
    %load/vec4 v0x55ec630f62a0_0;
    %store/vec4 v0x55ec630f6360_0, 0, 1;
    %load/vec4 v0x55ec630f5e80_0;
    %store/vec4 v0x55ec630f5f40_0, 0, 1;
    %load/vec4 v0x55ec630f61e0_0;
    %load/vec4 v0x55ec630f6360_0;
    %xor;
    %load/vec4 v0x55ec630f5f40_0;
    %xor;
    %ix/load 4, 0, 0;
    %flag_set/imm 4, 0;
    %store/vec4 v0x55ec630f6420_0, 4, 1;
    %load/vec4 v0x55ec630f61e0_0;
    %load/vec4 v0x55ec630f6360_0;
    %and;
    %load/vec4 v0x55ec630f5f40_0;
    %load/vec4 v0x55ec630f61e0_0;
    %load/vec4 v0x55ec630f6360_0;
    %xor;
    %and;
    %or;
    %ix/load 4, 1, 0;
    %flag_set/imm 4, 0;
    %store/vec4 v0x55ec630f6420_0, 4, 1;
    %jmp T_7;
    .thread T_7, $push;
    .scope S_0x55ec630c9b90;
T_8 ;
    %wait E_0x55ec630f4f50;
    %load/vec4 v0x55ec630fcd60_0;
    %parti/s 1, 1, 2;
    %ix/load 4, 2, 0;
    %flag_set/imm 4, 0;
    %store/vec4 v0x55ec630fcb20_0, 4, 1;
    %jmp T_8;
    .thread T_8, $push;
    .scope S_0x55ec630f6a80;
T_9 ;
    %pushi/vec4 0, 0, 2;
    %store/vec4 v0x55ec630f7440_0, 0, 2;
    %pushi/vec4 0, 0, 1;
    %store/vec4 v0x55ec630f7200_0, 0, 1;
    %pushi/vec4 0, 0, 1;
    %store/vec4 v0x55ec630f7380_0, 0, 1;
    %pushi/vec4 0, 0, 1;
    %store/vec4 v0x55ec630f6f90_0, 0, 1;
    %end;
    .thread T_9;
    .scope S_0x55ec630f6a80;
T_10 ;
    %wait E_0x55ec630f6d60;
    %load/vec4 v0x55ec630f70f0_0;
    %store/vec4 v0x55ec630f7200_0, 0, 1;
    %load/vec4 v0x55ec630f72c0_0;
    %store/vec4 v0x55ec630f7380_0, 0, 1;
    %load/vec4 v0x55ec630f6ed0_0;
    %store/vec4 v0x55ec630f6f90_0, 0, 1;
    %load/vec4 v0x55ec630f7200_0;
    %load/vec4 v0x55ec630f7380_0;
    %xor;
    %load/vec4 v0x55ec630f6f90_0;
    %xor;
    %ix/load 4, 0, 0;
    %flag_set/imm 4, 0;
    %store/vec4 v0x55ec630f7440_0, 4, 1;
    %load/vec4 v0x55ec630f7200_0;
    %load/vec4 v0x55ec630f7380_0;
    %and;
    %load/vec4 v0x55ec630f6f90_0;
    %load/vec4 v0x55ec630f7200_0;
    %load/vec4 v0x55ec630f7380_0;
    %xor;
    %and;
    %or;
    %ix/load 4, 1, 0;
    %flag_set/imm 4, 0;
    %store/vec4 v0x55ec630f7440_0, 4, 1;
    %jmp T_10;
    .thread T_10, $push;
    .scope S_0x55ec630f67a0;
T_11 ;
    %wait E_0x55ec630f5c30;
    %load/vec4 v0x55ec630fcd60_0;
    %parti/s 1, 2, 3;
    %ix/load 4, 3, 0;
    %flag_set/imm 4, 0;
    %store/vec4 v0x55ec630fcb20_0, 4, 1;
    %jmp T_11;
    .thread T_11, $push;
    .scope S_0x55ec630f7a70;
T_12 ;
    %pushi/vec4 0, 0, 2;
    %store/vec4 v0x55ec630f8430_0, 0, 2;
    %pushi/vec4 0, 0, 1;
    %store/vec4 v0x55ec630f81f0_0, 0, 1;
    %pushi/vec4 0, 0, 1;
    %store/vec4 v0x55ec630f8370_0, 0, 1;
    %pushi/vec4 0, 0, 1;
    %store/vec4 v0x55ec630f7f80_0, 0, 1;
    %end;
    .thread T_12;
    .scope S_0x55ec630f7a70;
T_13 ;
    %wait E_0x55ec630f7d50;
    %load/vec4 v0x55ec630f80e0_0;
    %store/vec4 v0x55ec630f81f0_0, 0, 1;
    %load/vec4 v0x55ec630f82b0_0;
    %store/vec4 v0x55ec630f8370_0, 0, 1;
    %load/vec4 v0x55ec630f7ec0_0;
    %store/vec4 v0x55ec630f7f80_0, 0, 1;
    %load/vec4 v0x55ec630f81f0_0;
    %load/vec4 v0x55ec630f8370_0;
    %xor;
    %load/vec4 v0x55ec630f7f80_0;
    %xor;
    %ix/load 4, 0, 0;
    %flag_set/imm 4, 0;
    %store/vec4 v0x55ec630f8430_0, 4, 1;
    %load/vec4 v0x55ec630f81f0_0;
    %load/vec4 v0x55ec630f8370_0;
    %and;
    %load/vec4 v0x55ec630f7f80_0;
    %load/vec4 v0x55ec630f81f0_0;
    %load/vec4 v0x55ec630f8370_0;
    %xor;
    %and;
    %or;
    %ix/load 4, 1, 0;
    %flag_set/imm 4, 0;
    %store/vec4 v0x55ec630f8430_0, 4, 1;
    %jmp T_13;
    .thread T_13, $push;
    .scope S_0x55ec630f77c0;
T_14 ;
    %wait E_0x55ec630f6c80;
    %load/vec4 v0x55ec630fcd60_0;
    %parti/s 1, 3, 3;
    %ix/load 4, 4, 0;
    %flag_set/imm 4, 0;
    %store/vec4 v0x55ec630fcb20_0, 4, 1;
    %jmp T_14;
    .thread T_14, $push;
    .scope S_0x55ec630f8af0;
T_15 ;
    %pushi/vec4 0, 0, 2;
    %store/vec4 v0x55ec630f94b0_0, 0, 2;
    %pushi/vec4 0, 0, 1;
    %store/vec4 v0x55ec630f9270_0, 0, 1;
    %pushi/vec4 0, 0, 1;
    %store/vec4 v0x55ec630f93f0_0, 0, 1;
    %pushi/vec4 0, 0, 1;
    %store/vec4 v0x55ec630f9000_0, 0, 1;
    %end;
    .thread T_15;
    .scope S_0x55ec630f8af0;
T_16 ;
    %wait E_0x55ec630f8dd0;
    %load/vec4 v0x55ec630f9160_0;
    %store/vec4 v0x55ec630f9270_0, 0, 1;
    %load/vec4 v0x55ec630f9330_0;
    %store/vec4 v0x55ec630f93f0_0, 0, 1;
    %load/vec4 v0x55ec630f8f40_0;
    %store/vec4 v0x55ec630f9000_0, 0, 1;
    %load/vec4 v0x55ec630f9270_0;
    %load/vec4 v0x55ec630f93f0_0;
    %xor;
    %load/vec4 v0x55ec630f9000_0;
    %xor;
    %ix/load 4, 0, 0;
    %flag_set/imm 4, 0;
    %store/vec4 v0x55ec630f94b0_0, 4, 1;
    %load/vec4 v0x55ec630f9270_0;
    %load/vec4 v0x55ec630f93f0_0;
    %and;
    %load/vec4 v0x55ec630f9000_0;
    %load/vec4 v0x55ec630f9270_0;
    %load/vec4 v0x55ec630f93f0_0;
    %xor;
    %and;
    %or;
    %ix/load 4, 1, 0;
    %flag_set/imm 4, 0;
    %store/vec4 v0x55ec630f94b0_0, 4, 1;
    %jmp T_16;
    .thread T_16, $push;
    .scope S_0x55ec630f8840;
T_17 ;
    %wait E_0x55ec630f7c70;
    %load/vec4 v0x55ec630fcd60_0;
    %parti/s 1, 4, 4;
    %ix/load 4, 5, 0;
    %flag_set/imm 4, 0;
    %store/vec4 v0x55ec630fcb20_0, 4, 1;
    %jmp T_17;
    .thread T_17, $push;
    .scope S_0x55ec630f9b70;
T_18 ;
    %pushi/vec4 0, 0, 2;
    %store/vec4 v0x55ec630fa530_0, 0, 2;
    %pushi/vec4 0, 0, 1;
    %store/vec4 v0x55ec630fa2f0_0, 0, 1;
    %pushi/vec4 0, 0, 1;
    %store/vec4 v0x55ec630fa470_0, 0, 1;
    %pushi/vec4 0, 0, 1;
    %store/vec4 v0x55ec630fa080_0, 0, 1;
    %end;
    .thread T_18;
    .scope S_0x55ec630f9b70;
T_19 ;
    %wait E_0x55ec630f9e50;
    %load/vec4 v0x55ec630fa1e0_0;
    %store/vec4 v0x55ec630fa2f0_0, 0, 1;
    %load/vec4 v0x55ec630fa3b0_0;
    %store/vec4 v0x55ec630fa470_0, 0, 1;
    %load/vec4 v0x55ec630f9fc0_0;
    %store/vec4 v0x55ec630fa080_0, 0, 1;
    %load/vec4 v0x55ec630fa2f0_0;
    %load/vec4 v0x55ec630fa470_0;
    %xor;
    %load/vec4 v0x55ec630fa080_0;
    %xor;
    %ix/load 4, 0, 0;
    %flag_set/imm 4, 0;
    %store/vec4 v0x55ec630fa530_0, 4, 1;
    %load/vec4 v0x55ec630fa2f0_0;
    %load/vec4 v0x55ec630fa470_0;
    %and;
    %load/vec4 v0x55ec630fa080_0;
    %load/vec4 v0x55ec630fa2f0_0;
    %load/vec4 v0x55ec630fa470_0;
    %xor;
    %and;
    %or;
    %ix/load 4, 1, 0;
    %flag_set/imm 4, 0;
    %store/vec4 v0x55ec630fa530_0, 4, 1;
    %jmp T_19;
    .thread T_19, $push;
    .scope S_0x55ec630f98c0;
T_20 ;
    %wait E_0x55ec630f8cf0;
    %load/vec4 v0x55ec630fcd60_0;
    %parti/s 1, 5, 4;
    %ix/load 4, 6, 0;
    %flag_set/imm 4, 0;
    %store/vec4 v0x55ec630fcb20_0, 4, 1;
    %jmp T_20;
    .thread T_20, $push;
    .scope S_0x55ec630fabf0;
T_21 ;
    %pushi/vec4 0, 0, 2;
    %store/vec4 v0x55ec630fb5b0_0, 0, 2;
    %pushi/vec4 0, 0, 1;
    %store/vec4 v0x55ec630fb370_0, 0, 1;
    %pushi/vec4 0, 0, 1;
    %store/vec4 v0x55ec630fb4f0_0, 0, 1;
    %pushi/vec4 0, 0, 1;
    %store/vec4 v0x55ec630fb100_0, 0, 1;
    %end;
    .thread T_21;
    .scope S_0x55ec630fabf0;
T_22 ;
    %wait E_0x55ec630faed0;
    %load/vec4 v0x55ec630fb260_0;
    %store/vec4 v0x55ec630fb370_0, 0, 1;
    %load/vec4 v0x55ec630fb430_0;
    %store/vec4 v0x55ec630fb4f0_0, 0, 1;
    %load/vec4 v0x55ec630fb040_0;
    %store/vec4 v0x55ec630fb100_0, 0, 1;
    %load/vec4 v0x55ec630fb370_0;
    %load/vec4 v0x55ec630fb4f0_0;
    %xor;
    %load/vec4 v0x55ec630fb100_0;
    %xor;
    %ix/load 4, 0, 0;
    %flag_set/imm 4, 0;
    %store/vec4 v0x55ec630fb5b0_0, 4, 1;
    %load/vec4 v0x55ec630fb370_0;
    %load/vec4 v0x55ec630fb4f0_0;
    %and;
    %load/vec4 v0x55ec630fb100_0;
    %load/vec4 v0x55ec630fb370_0;
    %load/vec4 v0x55ec630fb4f0_0;
    %xor;
    %and;
    %or;
    %ix/load 4, 1, 0;
    %flag_set/imm 4, 0;
    %store/vec4 v0x55ec630fb5b0_0, 4, 1;
    %jmp T_22;
    .thread T_22, $push;
    .scope S_0x55ec630fa940;
T_23 ;
    %wait E_0x55ec630f9d70;
    %load/vec4 v0x55ec630fcd60_0;
    %parti/s 1, 6, 4;
    %ix/load 4, 7, 0;
    %flag_set/imm 4, 0;
    %store/vec4 v0x55ec630fcb20_0, 4, 1;
    %jmp T_23;
    .thread T_23, $push;
    .scope S_0x55ec630fbc70;
T_24 ;
    %pushi/vec4 0, 0, 2;
    %store/vec4 v0x55ec630fc630_0, 0, 2;
    %pushi/vec4 0, 0, 1;
    %store/vec4 v0x55ec630fc3f0_0, 0, 1;
    %pushi/vec4 0, 0, 1;
    %store/vec4 v0x55ec630fc570_0, 0, 1;
    %pushi/vec4 0, 0, 1;
    %store/vec4 v0x55ec630fc180_0, 0, 1;
    %end;
    .thread T_24;
    .scope S_0x55ec630fbc70;
T_25 ;
    %wait E_0x55ec630fbf50;
    %load/vec4 v0x55ec630fc2e0_0;
    %store/vec4 v0x55ec630fc3f0_0, 0, 1;
    %load/vec4 v0x55ec630fc4b0_0;
    %store/vec4 v0x55ec630fc570_0, 0, 1;
    %load/vec4 v0x55ec630fc0c0_0;
    %store/vec4 v0x55ec630fc180_0, 0, 1;
    %load/vec4 v0x55ec630fc3f0_0;
    %load/vec4 v0x55ec630fc570_0;
    %xor;
    %load/vec4 v0x55ec630fc180_0;
    %xor;
    %ix/load 4, 0, 0;
    %flag_set/imm 4, 0;
    %store/vec4 v0x55ec630fc630_0, 4, 1;
    %load/vec4 v0x55ec630fc3f0_0;
    %load/vec4 v0x55ec630fc570_0;
    %and;
    %load/vec4 v0x55ec630fc180_0;
    %load/vec4 v0x55ec630fc3f0_0;
    %load/vec4 v0x55ec630fc570_0;
    %xor;
    %and;
    %or;
    %ix/load 4, 1, 0;
    %flag_set/imm 4, 0;
    %store/vec4 v0x55ec630fc630_0, 4, 1;
    %jmp T_25;
    .thread T_25, $push;
    .scope S_0x55ec630fb9c0;
T_26 ;
    %wait E_0x55ec630fadf0;
    %load/vec4 v0x55ec630fcd60_0;
    %parti/s 1, 7, 4;
    %ix/load 4, 8, 0;
    %flag_set/imm 4, 0;
    %store/vec4 v0x55ec630fcb20_0, 4, 1;
    %jmp T_26;
    .thread T_26, $push;
    .scope S_0x55ec630bec40;
T_27 ;
    %pushi/vec4 0, 0, 32;
    %store/vec4 v0x55ec630fd720_0, 0, 32;
    %end;
    .thread T_27;
    .scope S_0x55ec630bec40;
T_28 ;
    %pushi/vec4 0, 0, 8;
    %store/vec4 v0x55ec630fd1a0_0, 0, 8;
    %pushi/vec4 0, 0, 8;
    %store/vec4 v0x55ec630fd320_0, 0, 8;
    %pushi/vec4 0, 0, 9;
    %store/vec4 v0x55ec630fcb20_0, 0, 9;
    %pushi/vec4 0, 0, 1;
    %store/vec4 v0x55ec630fd800_0, 0, 1;
    %end;
    .thread T_28;
    .scope S_0x55ec630bec40;
T_29 ;
    %wait E_0x55ec630dd3d0;
    %load/vec4 v0x55ec630fd0e0_0;
    %store/vec4 v0x55ec630fd1a0_0, 0, 8;
    %load/vec4 v0x55ec630fd260_0;
    %store/vec4 v0x55ec630fd320_0, 0, 8;
    %load/vec4 v0x55ec630fca40_0;
    %ix/load 4, 0, 0;
    %flag_set/imm 4, 0;
    %store/vec4 v0x55ec630fcb20_0, 4, 1;
    %pushi/vec4 1, 0, 1;
    %store/vec4 v0x55ec630fd800_0, 0, 1;
    %jmp T_29;
    .thread T_29, $push;
    .scope S_0x55ec630bec40;
T_30 ;
    %wait E_0x55ec630dd410;
    %pushi/vec4 1, 0, 1;
    %store/vec4 v0x55ec630fd800_0, 0, 1;
    %load/vec4 v0x55ec630fd0e0_0;
    %parti/s 1, 7, 4;
    %load/vec4 v0x55ec630fd260_0;
    %parti/s 1, 7, 4;
    %xor;
    %load/vec4 v0x55ec630fcb20_0;
    %parti/s 1, 8, 5;
    %xor;
    %ix/load 4, 7, 0;
    %flag_set/imm 4, 0;
    %store/vec4 v0x55ec630fcf20_0, 4, 1;
    %load/vec4 v0x55ec630fd0e0_0;
    %parti/s 1, 7, 4;
    %load/vec4 v0x55ec630fd260_0;
    %parti/s 1, 7, 4;
    %or;
    %inv;
    %load/vec4 v0x55ec630fcb20_0;
    %parti/s 1, 7, 4;
    %and;
    %load/vec4 v0x55ec630fd0e0_0;
    %parti/s 1, 7, 4;
    %load/vec4 v0x55ec630fd260_0;
    %parti/s 1, 7, 4;
    %and;
    %load/vec4 v0x55ec630fcb20_0;
    %parti/s 1, 8, 5;
    %and;
    %load/vec4 v0x55ec630fcb20_0;
    %parti/s 1, 8, 5;
    %load/vec4 v0x55ec630fcb20_0;
    %parti/s 1, 7, 4;
    %and;
    %inv;
    %and;
    %or;
    %store/vec4 v0x55ec630fcca0_0, 0, 1;
    %pushi/vec4 0, 0, 32;
    %store/vec4 v0x55ec630fd720_0, 0, 32;
T_30.0 ;
    %load/vec4 v0x55ec630fd720_0;
    %cmpi/s 7, 0, 32;
    %jmp/0xz T_30.1, 5;
    %load/vec4 v0x55ec630fd000_0;
    %load/vec4 v0x55ec630fd720_0;
    %part/s 1;
    %load/vec4 v0x55ec630fcca0_0;
    %inv;
    %and;
    %ix/getv/s 4, v0x55ec630fd720_0;
    %store/vec4 v0x55ec630fcf20_0, 4, 1;
    %load/vec4 v0x55ec630fd720_0;
    %addi 1, 0, 32;
    %store/vec4 v0x55ec630fd720_0, 0, 32;
    %jmp T_30.0;
T_30.1 ;
    %jmp T_30;
    .thread T_30, $push;
    .scope S_0x55ec630bec40;
T_31 ;
    %wait E_0x55ec6307d4d0;
    %delay 100, 0;
    %pushi/vec4 0, 0, 1;
    %store/vec4 v0x55ec630fd800_0, 0, 1;
    %jmp T_31;
    .thread T_31;
    .scope S_0x55ec630b7760;
T_32 ;
    %pushi/vec4 0, 0, 8;
    %store/vec4 v0x55ec630fda80_0, 0, 8;
    %pushi/vec4 0, 0, 8;
    %store/vec4 v0x55ec630fdd00_0, 0, 8;
    %pushi/vec4 0, 0, 1;
    %store/vec4 v0x55ec630fe420_0, 0, 1;
    %end;
    .thread T_32;
    .scope S_0x55ec630b7760;
T_33 ;
    %wait E_0x55ec6307cfe0;
    %delay 100, 0;
    %load/vec4 v0x55ec630fd980_0;
    %store/vec4 v0x55ec630fda80_0, 0, 8;
    %load/vec4 v0x55ec630fdc40_0;
    %store/vec4 v0x55ec630fdd00_0, 0, 8;
    %pushi/vec4 1, 0, 1;
    %store/vec4 v0x55ec630fe420_0, 0, 1;
    %jmp T_33;
    .thread T_33;
    .scope S_0x55ec630b7760;
T_34 ;
    %wait E_0x55ec6307d4d0;
    %delay 100, 0;
    %pushi/vec4 0, 0, 1;
    %store/vec4 v0x55ec630fe420_0, 0, 1;
    %jmp T_34;
    .thread T_34;
    .scope S_0x55ec6306ea00;
T_35 ;
    %pushi/vec4 0, 0, 1;
    %store/vec4 v0x55ec630fe5b0_0, 0, 1;
    %pushi/vec4 0, 0, 8;
    %store/vec4 v0x55ec630fe750_0, 0, 8;
    %pushi/vec4 0, 0, 8;
    %store/vec4 v0x55ec630fe820_0, 0, 8;
    %end;
    .thread T_35;
    .scope S_0x55ec6306ea00;
T_36 ;
    %delay 500, 0;
    %load/vec4 v0x55ec630fe5b0_0;
    %inv;
    %store/vec4 v0x55ec630fe5b0_0, 0, 1;
    %jmp T_36;
    .thread T_36;
    .scope S_0x55ec6306ea00;
T_37 ;
    %vpi_call 2 12 "$dumpfile", "tb_signadder.vcd" {0 0 0};
    %vpi_call 2 13 "$dumpvars", 32'sb00000000000000000000000000000000, S_0x55ec6306ea00 {0 0 0};
    %end;
    .thread T_37;
    .scope S_0x55ec6306ea00;
T_38 ;
    %pushi/vec4 10, 0, 32;
    %store/vec4 v0x55ec630fea70_0, 0, 32;
    %pushi/vec4 20, 0, 32;
    %store/vec4 v0x55ec630feb30_0, 0, 32;
    %pushi/vec4 0, 0, 32;
    %store/vec4 v0x55ec630fe670_0, 0, 32;
T_38.0 ;
    %load/vec4 v0x55ec630fe670_0;
    %cmpi/s 12, 0, 32;
    %flag_or 5, 4;
    %jmp/0xz T_38.1, 5;
    %load/vec4 v0x55ec630fea70_0;
    %load/vec4 v0x55ec630fe670_0;
    %add;
    %store/vec4 v0x55ec630fea70_0, 0, 32;
    %load/vec4 v0x55ec630feb30_0;
    %load/vec4 v0x55ec630fe670_0;
    %add;
    %store/vec4 v0x55ec630feb30_0, 0, 32;
    %load/vec4 v0x55ec630fe670_0;
    %pushi/vec4 3, 0, 32;
    %mod/s;
    %cmpi/e 0, 0, 32;
    %jmp/0xz  T_38.2, 4;
    %delay 1000, 0;
    %vpi_func 2 26 "$random" 32, v0x55ec630fea70_0 {0 0 0};
    %pushi/vec4 127, 0, 32;
    %mod;
    %pad/u 8;
    %store/vec4 v0x55ec630fe750_0, 0, 8;
    %vpi_func 2 27 "$random" 32, v0x55ec630feb30_0 {0 0 0};
    %pushi/vec4 127, 0, 32;
    %mod;
    %pushi/vec4 127, 0, 32;
    %and;
    %pushi/vec4 128, 0, 32;
    %or;
    %pad/u 8;
    %store/vec4 v0x55ec630fe820_0, 0, 8;
    %jmp T_38.3;
T_38.2 ;
    %load/vec4 v0x55ec630fe670_0;
    %pushi/vec4 3, 0, 32;
    %mod/s;
    %cmpi/e 1, 0, 32;
    %jmp/0xz  T_38.4, 4;
    %delay 1000, 0;
    %vpi_func 2 30 "$random" 32, v0x55ec630fea70_0 {0 0 0};
    %pushi/vec4 127, 0, 32;
    %mod;
    %pad/u 8;
    %store/vec4 v0x55ec630fe750_0, 0, 8;
    %vpi_func 2 31 "$random" 32, v0x55ec630feb30_0 {0 0 0};
    %pushi/vec4 127, 0, 32;
    %mod;
    %pad/u 8;
    %store/vec4 v0x55ec630fe820_0, 0, 8;
    %jmp T_38.5;
T_38.4 ;
    %delay 1000, 0;
    %vpi_func 2 34 "$random" 32, v0x55ec630fea70_0 {0 0 0};
    %pushi/vec4 127, 0, 32;
    %mod;
    %pushi/vec4 127, 0, 32;
    %and;
    %pushi/vec4 128, 0, 32;
    %or;
    %pad/u 8;
    %store/vec4 v0x55ec630fe750_0, 0, 8;
    %vpi_func 2 35 "$random" 32, v0x55ec630feb30_0 {0 0 0};
    %pushi/vec4 127, 0, 32;
    %mod;
    %pushi/vec4 127, 0, 32;
    %and;
    %pushi/vec4 128, 0, 32;
    %or;
    %pad/u 8;
    %store/vec4 v0x55ec630fe820_0, 0, 8;
T_38.5 ;
T_38.3 ;
    %load/vec4 v0x55ec630fe670_0;
    %addi 1, 0, 32;
    %store/vec4 v0x55ec630fe670_0, 0, 32;
    %jmp T_38.0;
T_38.1 ;
    %pushi/vec4 40, 0, 32;
    %store/vec4 v0x55ec630fea70_0, 0, 32;
    %pushi/vec4 60, 0, 32;
    %store/vec4 v0x55ec630feb30_0, 0, 32;
    %pushi/vec4 0, 0, 32;
    %store/vec4 v0x55ec630fe670_0, 0, 32;
T_38.6 ;
    %load/vec4 v0x55ec630fe670_0;
    %cmpi/s 12, 0, 32;
    %flag_or 5, 4;
    %jmp/0xz T_38.7, 5;
    %load/vec4 v0x55ec630fea70_0;
    %load/vec4 v0x55ec630fe670_0;
    %add;
    %store/vec4 v0x55ec630fea70_0, 0, 32;
    %load/vec4 v0x55ec630feb30_0;
    %load/vec4 v0x55ec630fe670_0;
    %add;
    %store/vec4 v0x55ec630feb30_0, 0, 32;
    %load/vec4 v0x55ec630fe670_0;
    %pushi/vec4 3, 0, 32;
    %mod/s;
    %cmpi/e 0, 0, 32;
    %jmp/0xz  T_38.8, 4;
    %delay 1000, 0;
    %vpi_func 2 45 "$random" 32, v0x55ec630fea70_0 {0 0 0};
    %pushi/vec4 127, 0, 32;
    %mod;
    %pad/u 8;
    %store/vec4 v0x55ec630fe750_0, 0, 8;
    %vpi_func 2 46 "$random" 32, v0x55ec630feb30_0 {0 0 0};
    %pushi/vec4 127, 0, 32;
    %mod;
    %pushi/vec4 127, 0, 32;
    %and;
    %pushi/vec4 128, 0, 32;
    %or;
    %pad/u 8;
    %store/vec4 v0x55ec630fe820_0, 0, 8;
    %jmp T_38.9;
T_38.8 ;
    %load/vec4 v0x55ec630fe670_0;
    %pushi/vec4 3, 0, 32;
    %mod/s;
    %cmpi/e 1, 0, 32;
    %jmp/0xz  T_38.10, 4;
    %delay 1000, 0;
    %vpi_func 2 49 "$random" 32, v0x55ec630fea70_0 {0 0 0};
    %pushi/vec4 127, 0, 32;
    %mod;
    %pad/u 8;
    %store/vec4 v0x55ec630fe750_0, 0, 8;
    %vpi_func 2 50 "$random" 32, v0x55ec630feb30_0 {0 0 0};
    %pushi/vec4 127, 0, 32;
    %mod;
    %pad/u 8;
    %store/vec4 v0x55ec630fe820_0, 0, 8;
    %jmp T_38.11;
T_38.10 ;
    %delay 1000, 0;
    %vpi_func 2 53 "$random" 32, v0x55ec630fea70_0 {0 0 0};
    %pushi/vec4 127, 0, 32;
    %mod;
    %pushi/vec4 127, 0, 32;
    %and;
    %pushi/vec4 128, 0, 32;
    %or;
    %pad/u 8;
    %store/vec4 v0x55ec630fe750_0, 0, 8;
    %vpi_func 2 54 "$random" 32, v0x55ec630feb30_0 {0 0 0};
    %pushi/vec4 127, 0, 32;
    %mod;
    %pushi/vec4 127, 0, 32;
    %and;
    %pushi/vec4 128, 0, 32;
    %or;
    %pad/u 8;
    %store/vec4 v0x55ec630fe820_0, 0, 8;
T_38.11 ;
T_38.9 ;
    %load/vec4 v0x55ec630fe670_0;
    %addi 1, 0, 32;
    %store/vec4 v0x55ec630fe670_0, 0, 32;
    %jmp T_38.6;
T_38.7 ;
    %delay 4000, 0;
    %vpi_call 2 58 "$finish" {0 0 0};
    %end;
    .thread T_38;
# The file index is used to find the file name in the following table.
:file_names 7;
    "N/A";
    "<interactive>";
    "tb_signadder.v";
    "/home/liang-tong/learn/lang/verilog/adder/signadder/signadder.v";
    "/home/liang-tong/learn/lang/verilog/adder/signadder/complement2code.v";
    "/home/liang-tong/learn/lang/verilog/adder/signadder/signripplefulladder_x.v";
    "/home/liang-tong/learn/lang/verilog/adder/unsignadder/adderf1.v";
