#! /usr/bin/vvp
:ivl_version "12.0 (stable)";
:ivl_delay_selection "TYPICAL";
:vpi_time_precision - 12;
:vpi_module "/usr/lib/x86_64-linux-gnu/ivl/system.vpi";
:vpi_module "/usr/lib/x86_64-linux-gnu/ivl/vhdl_sys.vpi";
:vpi_module "/usr/lib/x86_64-linux-gnu/ivl/vhdl_textio.vpi";
:vpi_module "/usr/lib/x86_64-linux-gnu/ivl/v2005_math.vpi";
:vpi_module "/usr/lib/x86_64-linux-gnu/ivl/va_math.vpi";
S_0x64c541255490 .scope module, "fulladder_1" "fulladder_1" 2 3;
 .timescale -10 -12;
    .port_info 0 /INPUT 1 "X";
    .port_info 1 /INPUT 1 "Y";
    .port_info 2 /INPUT 1 "Cin";
    .port_info 3 /OUTPUT 1 "C";
    .port_info 4 /OUTPUT 1 "Sum";
    .port_info 5 /INPUT 1 "clk1";
v0x64c5412556f0_0 .net "C", 0 0, L_0x64c5412a17f0;  1 drivers
o0x7ea6a8bcf048 .functor BUFZ 1, C4<z>; HiZ drive
v0x64c5412a0f50_0 .net "Cin", 0 0, o0x7ea6a8bcf048;  0 drivers
v0x64c5412a1010_0 .var "Cinreg", 0 0;
v0x64c5412a10b0_0 .net "Sum", 0 0, L_0x64c5412a1720;  1 drivers
o0x7ea6a8bcf0d8 .functor BUFZ 1, C4<z>; HiZ drive
v0x64c5412a1170_0 .net "X", 0 0, o0x7ea6a8bcf0d8;  0 drivers
v0x64c5412a1280_0 .var "Xreg", 0 0;
o0x7ea6a8bcf138 .functor BUFZ 1, C4<z>; HiZ drive
v0x64c5412a1340_0 .net "Y", 0 0, o0x7ea6a8bcf138;  0 drivers
v0x64c5412a1400_0 .var "Yreg", 0 0;
v0x64c5412a14c0_0 .var "buff", 1 0;
o0x7ea6a8bcf1c8 .functor BUFZ 1, C4<z>; HiZ drive
v0x64c5412a15a0_0 .net "clk1", 0 0, o0x7ea6a8bcf1c8;  0 drivers
E_0x64c54128e630 .event anyedge, v0x64c5412a15a0_0, v0x64c5412a0f50_0, v0x64c5412a1340_0, v0x64c5412a1170_0;
L_0x64c5412a1720 .part v0x64c5412a14c0_0, 0, 1;
L_0x64c5412a17f0 .part v0x64c5412a14c0_0, 1, 1;
    .scope S_0x64c541255490;
T_0 ;
    %pushi/vec4 0, 0, 2;
    %store/vec4 v0x64c5412a14c0_0, 0, 2;
    %pushi/vec4 0, 0, 1;
    %store/vec4 v0x64c5412a1280_0, 0, 1;
    %pushi/vec4 0, 0, 1;
    %store/vec4 v0x64c5412a1400_0, 0, 1;
    %pushi/vec4 0, 0, 1;
    %store/vec4 v0x64c5412a1010_0, 0, 1;
    %end;
    .thread T_0;
    .scope S_0x64c541255490;
T_1 ;
    %wait E_0x64c54128e630;
    %load/vec4 v0x64c5412a1170_0;
    %store/vec4 v0x64c5412a1280_0, 0, 1;
    %load/vec4 v0x64c5412a1340_0;
    %store/vec4 v0x64c5412a1400_0, 0, 1;
    %load/vec4 v0x64c5412a0f50_0;
    %store/vec4 v0x64c5412a1010_0, 0, 1;
    %load/vec4 v0x64c5412a1280_0;
    %load/vec4 v0x64c5412a1400_0;
    %xor;
    %load/vec4 v0x64c5412a1010_0;
    %xor;
    %ix/load 4, 0, 0;
    %flag_set/imm 4, 0;
    %store/vec4 v0x64c5412a14c0_0, 4, 1;
    %load/vec4 v0x64c5412a1280_0;
    %load/vec4 v0x64c5412a1400_0;
    %and;
    %load/vec4 v0x64c5412a1010_0;
    %load/vec4 v0x64c5412a1280_0;
    %load/vec4 v0x64c5412a1400_0;
    %xor;
    %and;
    %or;
    %ix/load 4, 1, 0;
    %flag_set/imm 4, 0;
    %store/vec4 v0x64c5412a14c0_0, 4, 1;
    %jmp T_1;
    .thread T_1, $push;
# The file index is used to find the file name in the following table.
:file_names 3;
    "N/A";
    "<interactive>";
    "/home/liang-tong/learn/lang/verilog/adder/unsignadder/adderf1.v";
