#! /usr/bin/vvp
:ivl_version "12.0 (stable)";
:ivl_delay_selection "TYPICAL";
:vpi_time_precision + 0;
:vpi_module "/usr/lib/x86_64-linux-gnu/ivl/system.vpi";
:vpi_module "/usr/lib/x86_64-linux-gnu/ivl/vhdl_sys.vpi";
:vpi_module "/usr/lib/x86_64-linux-gnu/ivl/vhdl_textio.vpi";
:vpi_module "/usr/lib/x86_64-linux-gnu/ivl/v2005_math.vpi";
:vpi_module "/usr/lib/x86_64-linux-gnu/ivl/va_math.vpi";
S_0x64d02e6f89d0 .scope module, "tb_diff8r" "tb_diff8r" 2 4;
 .timescale 0 0;
P_0x64d02e6f8b60 .param/l "CLK_PERIOD" 1 2 10, +C4<00000000000000000000000000001010>;
v0x64d02e70fa60_0 .var "clk", 0 0;
v0x64d02e70fb20_0 .var "d", 7 0;
v0x64d02e70fbf0_0 .net "q", 7 0, L_0x64d02e70fdc0;  1 drivers
v0x64d02e70fcf0_0 .var "reset", 0 0;
S_0x64d02e6f8c00 .scope module, "dut" "diff8r" 2 13, 3 2 0, S_0x64d02e6f89d0;
 .timescale 0 0;
    .port_info 0 /INPUT 1 "clk";
    .port_info 1 /INPUT 1 "reset";
    .port_info 2 /INPUT 8 "d";
    .port_info 3 /OUTPUT 8 "q";
L_0x64d02e70fdc0 .functor BUFZ 8, v0x64d02e70f7f0_0, C4<00000000>, C4<00000000>, C4<00000000>;
v0x64d02e6e70a0_0 .net "clk", 0 0, v0x64d02e70fa60_0;  1 drivers
v0x64d02e70f620_0 .net "d", 7 0, v0x64d02e70fb20_0;  1 drivers
v0x64d02e70f700_0 .net "q", 7 0, L_0x64d02e70fdc0;  alias, 1 drivers
v0x64d02e70f7f0_0 .var "q1", 7 0;
v0x64d02e70f8d0_0 .net "reset", 0 0, v0x64d02e70fcf0_0;  1 drivers
E_0x64d02e6f7590 .event posedge, v0x64d02e6e70a0_0;
    .scope S_0x64d02e6f8c00;
T_0 ;
    %wait E_0x64d02e6f7590;
    %load/vec4 v0x64d02e70f8d0_0;
    %cmpi/e 1, 0, 1;
    %jmp/0xz  T_0.0, 4;
    %pushi/vec4 0, 0, 8;
    %assign/vec4 v0x64d02e70f7f0_0, 0;
    %jmp T_0.1;
T_0.0 ;
    %load/vec4 v0x64d02e70f620_0;
    %assign/vec4 v0x64d02e70f7f0_0, 0;
T_0.1 ;
    %jmp T_0;
    .thread T_0;
    .scope S_0x64d02e6f89d0;
T_1 ;
    %delay 5, 0;
    %load/vec4 v0x64d02e70fa60_0;
    %inv;
    %store/vec4 v0x64d02e70fa60_0, 0, 1;
    %jmp T_1;
    .thread T_1;
    .scope S_0x64d02e6f89d0;
T_2 ;
    %vpi_call 2 16 "$dumpfile", "tb_diff8r.vcd" {0 0 0};
    %vpi_call 2 17 "$dumpvars", 32'sb00000000000000000000000000000000, S_0x64d02e6f89d0 {0 0 0};
    %end;
    .thread T_2;
    .scope S_0x64d02e6f89d0;
T_3 ;
    %pushi/vec4 1, 0, 1;
    %assign/vec4 v0x64d02e70fcf0_0, 0;
    %pushi/vec4 0, 0, 1;
    %assign/vec4 v0x64d02e70fa60_0, 0;
    %delay 10, 0;
    %pushi/vec4 1, 0, 1;
    %assign/vec4 v0x64d02e70fcf0_0, 0;
    %pushi/vec4 0, 0, 1;
    %assign/vec4 v0x64d02e70fa60_0, 0;
    %end;
    .thread T_3;
    .scope S_0x64d02e6f89d0;
T_4 ;
    %wait E_0x64d02e6f7590;
    %delay 10, 0;
    %pushi/vec4 36, 0, 8;
    %store/vec4 v0x64d02e70fb20_0, 0, 8;
    %pushi/vec4 1, 0, 1;
    %store/vec4 v0x64d02e70fcf0_0, 0, 1;
    %delay 20, 0;
    %pushi/vec4 0, 0, 1;
    %store/vec4 v0x64d02e70fcf0_0, 0, 1;
    %delay 30, 0;
    %pushi/vec4 1, 0, 1;
    %store/vec4 v0x64d02e70fcf0_0, 0, 1;
    %delay 20, 0;
    %pushi/vec4 0, 0, 1;
    %store/vec4 v0x64d02e70fcf0_0, 0, 1;
    %pushi/vec4 129, 0, 8;
    %store/vec4 v0x64d02e70fb20_0, 0, 8;
    %delay 10, 0;
    %pushi/vec4 9, 0, 8;
    %store/vec4 v0x64d02e70fb20_0, 0, 8;
    %delay 10, 0;
    %pushi/vec4 99, 0, 8;
    %store/vec4 v0x64d02e70fb20_0, 0, 8;
    %delay 10, 0;
    %pushi/vec4 13, 0, 8;
    %store/vec4 v0x64d02e70fb20_0, 0, 8;
    %delay 10, 0;
    %pushi/vec4 141, 0, 8;
    %store/vec4 v0x64d02e70fb20_0, 0, 8;
    %delay 10, 0;
    %pushi/vec4 101, 0, 8;
    %store/vec4 v0x64d02e70fb20_0, 0, 8;
    %delay 10, 0;
    %pushi/vec4 18, 0, 8;
    %store/vec4 v0x64d02e70fb20_0, 0, 8;
    %delay 10, 0;
    %pushi/vec4 1, 0, 8;
    %store/vec4 v0x64d02e70fb20_0, 0, 8;
    %delay 10, 0;
    %pushi/vec4 13, 0, 8;
    %store/vec4 v0x64d02e70fb20_0, 0, 8;
    %delay 20, 0;
    %vpi_call 2 38 "$finish", 32'sb00000000000000000000000000000010 {0 0 0};
    %jmp T_4;
    .thread T_4;
# The file index is used to find the file name in the following table.
:file_names 4;
    "N/A";
    "<interactive>";
    "tb_diff8r.v";
    "/home/liang-tong/learn/lang/verilog/HDLBitsexecises/diff8r.v";
