#! /usr/bin/vvp
:ivl_version "12.0 (stable)";
:ivl_delay_selection "TYPICAL";
:vpi_time_precision + 0;
:vpi_module "/usr/lib/x86_64-linux-gnu/ivl/system.vpi";
:vpi_module "/usr/lib/x86_64-linux-gnu/ivl/vhdl_sys.vpi";
:vpi_module "/usr/lib/x86_64-linux-gnu/ivl/vhdl_textio.vpi";
:vpi_module "/usr/lib/x86_64-linux-gnu/ivl/v2005_math.vpi";
:vpi_module "/usr/lib/x86_64-linux-gnu/ivl/va_math.vpi";
S_0x5740e184eae0 .scope module, "tb_diff8ar" "tb_diff8ar" 2 4;
 .timescale 0 0;
P_0x5740e184ec70 .param/l "CLK_PERIOD" 1 2 9, +C4<00000000000000000000000000001010>;
v0x5740e18672b0_0 .var "clk", 0 0;
v0x5740e18673a0_0 .var "d", 7 0;
v0x5740e1867470_0 .var "reset", 0 0;
v0x5740e1867570_0 .net "y", 7 0, L_0x5740e1867640;  1 drivers
E_0x5740e1814ff0 .event posedge, v0x5740e1866e70_0;
S_0x5740e184ed30 .scope module, "dut" "diff8ar" 2 12, 3 4 0, S_0x5740e184eae0;
 .timescale 0 0;
    .port_info 0 /INPUT 1 "clk";
    .port_info 1 /INPUT 1 "areset";
    .port_info 2 /INPUT 8 "d";
    .port_info 3 /OUTPUT 8 "q";
L_0x5740e1867640 .functor BUFZ 8, v0x5740e1867100_0, C4<00000000>, C4<00000000>, C4<00000000>;
v0x5740e1814520_0 .net "areset", 0 0, v0x5740e1867470_0;  1 drivers
v0x5740e1866e70_0 .net "clk", 0 0, v0x5740e18672b0_0;  1 drivers
v0x5740e1866f30_0 .net "d", 7 0, v0x5740e18673a0_0;  1 drivers
v0x5740e1867020_0 .net "q", 7 0, L_0x5740e1867640;  alias, 1 drivers
v0x5740e1867100_0 .var "q1", 7 0;
E_0x5740e184d590 .event posedge, v0x5740e1814520_0, v0x5740e1866e70_0;
    .scope S_0x5740e184ed30;
T_0 ;
    %wait E_0x5740e184d590;
    %load/vec4 v0x5740e1814520_0;
    %cmpi/e 1, 0, 1;
    %jmp/0xz  T_0.0, 4;
    %pushi/vec4 0, 0, 8;
    %assign/vec4 v0x5740e1867100_0, 0;
    %jmp T_0.1;
T_0.0 ;
    %load/vec4 v0x5740e1866f30_0;
    %assign/vec4 v0x5740e1867100_0, 0;
T_0.1 ;
    %jmp T_0;
    .thread T_0;
    .scope S_0x5740e184eae0;
T_1 ;
    %delay 5, 0;
    %load/vec4 v0x5740e18672b0_0;
    %inv;
    %store/vec4 v0x5740e18672b0_0, 0, 1;
    %jmp T_1;
    .thread T_1;
    .scope S_0x5740e184eae0;
T_2 ;
    %vpi_call 2 15 "$dumpfile", "tb_diff8ar.vcd" {0 0 0};
    %vpi_call 2 16 "$dumpvars", 32'sb00000000000000000000000000000000, S_0x5740e184eae0 {0 0 0};
    %end;
    .thread T_2;
    .scope S_0x5740e184eae0;
T_3 ;
    %pushi/vec4 1, 0, 1;
    %assign/vec4 v0x5740e1867470_0, 0;
    %pushi/vec4 0, 0, 1;
    %assign/vec4 v0x5740e18672b0_0, 0;
    %delay 10, 0;
    %pushi/vec4 1, 0, 1;
    %assign/vec4 v0x5740e1867470_0, 0;
    %pushi/vec4 0, 0, 1;
    %assign/vec4 v0x5740e18672b0_0, 0;
    %end;
    .thread T_3;
    .scope S_0x5740e184eae0;
T_4 ;
    %wait E_0x5740e1814ff0;
    %delay 5, 0;
    %pushi/vec4 36, 0, 8;
    %store/vec4 v0x5740e18673a0_0, 0, 8;
    %pushi/vec4 1, 0, 1;
    %store/vec4 v0x5740e1867470_0, 0, 1;
    %delay 20, 0;
    %pushi/vec4 0, 0, 1;
    %store/vec4 v0x5740e1867470_0, 0, 1;
    %delay 30, 0;
    %pushi/vec4 1, 0, 1;
    %store/vec4 v0x5740e1867470_0, 0, 1;
    %delay 10, 0;
    %pushi/vec4 1, 0, 1;
    %store/vec4 v0x5740e1867470_0, 0, 1;
    %delay 5, 0;
    %pushi/vec4 1, 0, 1;
    %store/vec4 v0x5740e1867470_0, 0, 1;
    %delay 5, 0;
    %pushi/vec4 0, 0, 1;
    %store/vec4 v0x5740e1867470_0, 0, 1;
    %delay 5, 0;
    %pushi/vec4 129, 0, 8;
    %store/vec4 v0x5740e18673a0_0, 0, 8;
    %delay 10, 0;
    %pushi/vec4 9, 0, 8;
    %store/vec4 v0x5740e18673a0_0, 0, 8;
    %delay 10, 0;
    %pushi/vec4 99, 0, 8;
    %store/vec4 v0x5740e18673a0_0, 0, 8;
    %delay 10, 0;
    %pushi/vec4 13, 0, 8;
    %store/vec4 v0x5740e18673a0_0, 0, 8;
    %delay 10, 0;
    %pushi/vec4 141, 0, 8;
    %store/vec4 v0x5740e18673a0_0, 0, 8;
    %delay 10, 0;
    %pushi/vec4 101, 0, 8;
    %store/vec4 v0x5740e18673a0_0, 0, 8;
    %delay 10, 0;
    %pushi/vec4 1, 0, 1;
    %store/vec4 v0x5740e1867470_0, 0, 1;
    %pushi/vec4 18, 0, 8;
    %store/vec4 v0x5740e18673a0_0, 0, 8;
    %delay 5, 0;
    %pushi/vec4 0, 0, 1;
    %store/vec4 v0x5740e1867470_0, 0, 1;
    %delay 5, 0;
    %pushi/vec4 1, 0, 8;
    %store/vec4 v0x5740e18673a0_0, 0, 8;
    %delay 10, 0;
    %pushi/vec4 13, 0, 8;
    %store/vec4 v0x5740e18673a0_0, 0, 8;
    %delay 20, 0;
    %vpi_call 2 43 "$finish", 32'sb00000000000000000000000000000010 {0 0 0};
    %jmp T_4;
    .thread T_4;
# The file index is used to find the file name in the following table.
:file_names 4;
    "N/A";
    "<interactive>";
    "tb_diff8ar.v";
    "/home/liang-tong/learn/lang/verilog/HDLBitsexecises/diff8ar.v";
